c:\users\amor2\univerdidad\maria\3\simulacionfisicavideojuegos\build\game.dir\debug\vc143.pdb
c:\users\amor2\univerdidad\maria\3\simulacionfisicavideojuegos\build\game.dir\debug\uniformgen.obj
c:\users\amor2\univerdidad\maria\3\simulacionfisicavideojuegos\build\game.dir\debug\scene2.obj
c:\users\amor2\univerdidad\maria\3\simulacionfisicavideojuegos\build\game.dir\debug\scene1.obj
c:\users\amor2\univerdidad\maria\3\simulacionfisicavideojuegos\build\game.dir\debug\scene.obj
c:\users\amor2\univerdidad\maria\3\simulacionfisicavideojuegos\build\game.dir\debug\particlesystem.obj
c:\users\amor2\univerdidad\maria\3\simulacionfisicavideojuegos\build\game.dir\debug\particlegen.obj
c:\users\amor2\univerdidad\maria\3\simulacionfisicavideojuegos\build\game.dir\debug\gaussiangen.obj
c:\users\amor2\univerdidad\maria\3\simulacionfisicavideojuegos\build\game.dir\debug\vector3d.obj
c:\users\amor2\univerdidad\maria\3\simulacionfisicavideojuegos\build\game.dir\debug\entity.obj
c:\users\amor2\univerdidad\maria\3\simulacionfisicavideojuegos\build\game.dir\debug\particle.obj
c:\users\amor2\univerdidad\maria\3\simulacionfisicavideojuegos\build\game.dir\debug\scenemanager.obj
c:\users\amor2\univerdidad\maria\3\simulacionfisicavideojuegos\build\game.dir\debug\renderutils.obj
c:\users\amor2\univerdidad\maria\3\simulacionfisicavideojuegos\build\game.dir\debug\callbacks.obj
c:\users\amor2\univerdidad\maria\3\simulacionfisicavideojuegos\build\game.dir\debug\main.obj
c:\users\amor2\univerdidad\maria\3\simulacionfisicavideojuegos\build\cmakefiles\generate.stamp
c:\users\amor2\univerdidad\maria\3\simulacionfisicavideojuegos\build\game.dir\debug\game.tlog\cl.command.1.tlog
c:\users\amor2\univerdidad\maria\3\simulacionfisicavideojuegos\build\game.dir\debug\game.tlog\cl.read.1.tlog
c:\users\amor2\univerdidad\maria\3\simulacionfisicavideojuegos\build\game.dir\debug\game.tlog\cl.write.1.tlog
c:\users\amor2\univerdidad\maria\3\simulacionfisicavideojuegos\build\game.dir\debug\game.tlog\custombuild.command.1.tlog
c:\users\amor2\univerdidad\maria\3\simulacionfisicavideojuegos\build\game.dir\debug\game.tlog\custombuild.read.1.tlog
c:\users\amor2\univerdidad\maria\3\simulacionfisicavideojuegos\build\game.dir\debug\game.tlog\custombuild.write.1.tlog
